c:\users\suppe\downloads\vulkangameengine\vulkangameengine\x64\debug\vc143.pdb
c:\users\suppe\downloads\vulkangameengine\vulkangameengine\x64\debug\vc143.idb
c:\users\suppe\downloads\vulkangameengine\vulkangameengine\x64\debug\lve_window.obj
c:\users\suppe\downloads\vulkangameengine\vulkangameengine\x64\debug\main.obj
c:\users\suppe\downloads\vulkangameengine\vulkangameengine\x64\debug\lve_pipeline.obj
c:\users\suppe\downloads\vulkangameengine\vulkangameengine\x64\debug\first_app.obj
c:\users\suppe\downloads\vulkangameengine\vulkangameengine\x64\debug\vulkangameengine.ilk
c:\users\suppe\downloads\vulkangameengine\x64\debug\vulkangameengine.exe
c:\users\suppe\downloads\vulkangameengine\x64\debug\vulkangameengine.pdb
c:\users\suppe\downloads\vulkangameengine\vulkangameengine\x64\debug\vulkangameengine.tlog\cl.command.1.tlog
c:\users\suppe\downloads\vulkangameengine\vulkangameengine\x64\debug\vulkangameengine.tlog\cl.read.1.tlog
c:\users\suppe\downloads\vulkangameengine\vulkangameengine\x64\debug\vulkangameengine.tlog\cl.write.1.tlog
c:\users\suppe\downloads\vulkangameengine\vulkangameengine\x64\debug\vulkangameengine.tlog\link-cvtres.read.1.tlog
c:\users\suppe\downloads\vulkangameengine\vulkangameengine\x64\debug\vulkangameengine.tlog\link-cvtres.write.1.tlog
c:\users\suppe\downloads\vulkangameengine\vulkangameengine\x64\debug\vulkangameengine.tlog\link-rc.read.1.tlog
c:\users\suppe\downloads\vulkangameengine\vulkangameengine\x64\debug\vulkangameengine.tlog\link-rc.write.1.tlog
c:\users\suppe\downloads\vulkangameengine\vulkangameengine\x64\debug\vulkangameengine.tlog\link.25412-cvtres.read.1.tlog
c:\users\suppe\downloads\vulkangameengine\vulkangameengine\x64\debug\vulkangameengine.tlog\link.25412-cvtres.write.1.tlog
c:\users\suppe\downloads\vulkangameengine\vulkangameengine\x64\debug\vulkangameengine.tlog\link.25412-rc.read.1.tlog
c:\users\suppe\downloads\vulkangameengine\vulkangameengine\x64\debug\vulkangameengine.tlog\link.25412-rc.write.1.tlog
c:\users\suppe\downloads\vulkangameengine\vulkangameengine\x64\debug\vulkangameengine.tlog\link.25412.read.1.tlog
c:\users\suppe\downloads\vulkangameengine\vulkangameengine\x64\debug\vulkangameengine.tlog\link.25412.read.2.tlog
c:\users\suppe\downloads\vulkangameengine\vulkangameengine\x64\debug\vulkangameengine.tlog\link.25412.write.1.tlog
c:\users\suppe\downloads\vulkangameengine\vulkangameengine\x64\debug\vulkangameengine.tlog\link.command.1.tlog
c:\users\suppe\downloads\vulkangameengine\vulkangameengine\x64\debug\vulkangameengine.tlog\link.read.1.tlog
c:\users\suppe\downloads\vulkangameengine\vulkangameengine\x64\debug\vulkangameengine.tlog\link.read.2.tlog
c:\users\suppe\downloads\vulkangameengine\vulkangameengine\x64\debug\vulkangameengine.tlog\link.write.1.tlog
